                                                                                                                        
>>>>>>>>>>>>>>>>>>>>>>>>>>>>>>>>>>>>>>>>>>>>>>>>>>>>>>>>>>>>>>>>>>>>>>>>>>>>>>>>>>>>>>>>>>>>>>>>>>>>>>>>>>>>>>>>>>>>>>>>
2024-09-24 21:30:46,163 - INFO - START NSP_OEC_Training_Chapter_18 =============================================
2024-09-24 21:30:46,163 - INFO - START NSP_OEC_Training_Chapter_18 Start Time = 2024-09-24 21:30:46
2024-09-24 21:30:46,163 - INFO - NSP_OEC_Training_Chapter_18 Step 0 - Initialize the configuration file parser
2024-09-24 21:30:46,163 - INFO - Process NSP_OEC_Training_Chapter_18 Step 0 - Initializing and starting Logging Process.
2024-09-24 21:30:46,194 - INFO - PERFORMANCE NSP_OEC_Training_Chapter_18 The total process duration was:0.03
2024-09-24 21:30:46,194 - INFO - PERFORMANCE NSP_OEC_Training_Chapter_18 Stop Time = 2024-09-24 21:30:46
2024-09-24 21:30:46,195 - INFO - PERFORMANCE NSP_OEC_Training_Chapter_18 Short process duration less than 3 Seconds:0.03
2024-09-24 21:30:46,195 - INFO - PERFORMANCE NSP_OEC_Training_Chapter_18 Performance optimization is not reccomended
2024-09-24 21:30:46,195 - INFO - END NSP_OEC_Training_Chapter_18 =============================================

<<<<<<<<<<<<<<<<<<<<<<<<<<<<<<<<<<<<<<<<<<<<<<<<<<<<<<<<<<<<<<<<<<<<<<<<<<<<<<<<<<<<<<<<<<<<<<<<<<<<<<<<<<<<<<<<<<<<<<<<
                                                                                                                        
                                                                                                                        
>>>>>>>>>>>>>>>>>>>>>>>>>>>>>>>>>>>>>>>>>>>>>>>>>>>>>>>>>>>>>>>>>>>>>>>>>>>>>>>>>>>>>>>>>>>>>>>>>>>>>>>>>>>>>>>>>>>>>>>>
2024-09-24 21:34:20,577 - INFO - START NSP_OEC_Training_Chapter_18 =============================================
2024-09-24 21:34:20,577 - INFO - START NSP_OEC_Training_Chapter_18 Start Time = 2024-09-24 21:34:20
2024-09-24 21:34:20,577 - INFO - NSP_OEC_Training_Chapter_18 Step 0 - Initialize the configuration file parser
2024-09-24 21:34:20,577 - INFO - Process NSP_OEC_Training_Chapter_18 Step 0 - Initializing and starting Logging Process.
2024-09-24 21:34:20,607 - INFO - PERFORMANCE NSP_OEC_Training_Chapter_18 The total process duration was:0.03
2024-09-24 21:34:20,607 - INFO - PERFORMANCE NSP_OEC_Training_Chapter_18 Stop Time = 2024-09-24 21:34:20
2024-09-24 21:34:20,608 - INFO - PERFORMANCE NSP_OEC_Training_Chapter_18 Short process duration less than 3 Seconds:0.03
2024-09-24 21:34:20,608 - INFO - PERFORMANCE NSP_OEC_Training_Chapter_18 Performance optimization is not reccomended
2024-09-24 21:34:20,608 - INFO - END NSP_OEC_Training_Chapter_18 =============================================

<<<<<<<<<<<<<<<<<<<<<<<<<<<<<<<<<<<<<<<<<<<<<<<<<<<<<<<<<<<<<<<<<<<<<<<<<<<<<<<<<<<<<<<<<<<<<<<<<<<<<<<<<<<<<<<<<<<<<<<<
                                                                                                                        
                                                                                                                        
>>>>>>>>>>>>>>>>>>>>>>>>>>>>>>>>>>>>>>>>>>>>>>>>>>>>>>>>>>>>>>>>>>>>>>>>>>>>>>>>>>>>>>>>>>>>>>>>>>>>>>>>>>>>>>>>>>>>>>>>
2024-10-01 21:32:11,679 - INFO - START NSP_OEC_Training_Chapter_18 =============================================
2024-10-01 21:32:11,679 - INFO - START NSP_OEC_Training_Chapter_18 Start Time = 2024-10-01 21:32:11
2024-10-01 21:32:11,679 - INFO - NSP_OEC_Training_Chapter_18 Step 0 - Initialize the configuration file parser
2024-10-01 21:32:11,680 - INFO - Process NSP_OEC_Training_Chapter_18 Step 0 - Initializing and starting Logging Process.
2024-10-01 21:32:11,725 - INFO - PERFORMANCE NSP_OEC_Training_Chapter_18 The total process duration was:0.05
2024-10-01 21:32:11,725 - INFO - PERFORMANCE NSP_OEC_Training_Chapter_18 Stop Time = 2024-10-01 21:32:11
2024-10-01 21:32:11,725 - INFO - PERFORMANCE NSP_OEC_Training_Chapter_18 Short process duration less than 3 Seconds:0.05
2024-10-01 21:32:11,725 - INFO - PERFORMANCE NSP_OEC_Training_Chapter_18 Performance optimization is not reccomended
2024-10-01 21:32:11,725 - INFO - END NSP_OEC_Training_Chapter_18 =============================================

<<<<<<<<<<<<<<<<<<<<<<<<<<<<<<<<<<<<<<<<<<<<<<<<<<<<<<<<<<<<<<<<<<<<<<<<<<<<<<<<<<<<<<<<<<<<<<<<<<<<<<<<<<<<<<<<<<<<<<<<
                                                                                                                        
